07-25 14:06:21.697 INFO  [c.rangertech.gateway.GatewayApplication] - The following profiles are active: docker
07-25 14:06:25.107 INFO  [c.r.g.f.f.SsoAuthGatewayFilterFactory  ] - Loaded SsoAuthGatewayFilterFactory [SsoAuth]
07-25 14:06:26.052 WARN  [c.n.c.sources.URLConfigurationSource   ] - No URLs will be polled as dynamic configuration sources.
07-25 14:06:26.053 INFO  [c.n.c.sources.URLConfigurationSource   ] - To enable URLs as dynamic configuration sources, define System property archaius.configurationSource.additionalUrls or make config.properties available on classpath.
07-25 14:06:26.069 WARN  [c.n.c.sources.URLConfigurationSource   ] - No URLs will be polled as dynamic configuration sources.
07-25 14:06:26.070 INFO  [c.n.c.sources.URLConfigurationSource   ] - To enable URLs as dynamic configuration sources, define System property archaius.configurationSource.additionalUrls or make config.properties available on classpath.
07-25 14:06:26.181 WARN  [io.fabric8.kubernetes.client.Config    ] - Error reading service account token from: [/var/run/secrets/kubernetes.io/serviceaccount/token]. Ignoring.
07-26 14:06:26.187 WARN  [io.fabric8.kubernetes.client.Config    ] - Error reading service account token from: [/var/run/secrets/kubernetes.io/serviceaccount/token]. Ignoring.
07-25 14:06:33.770 ERROR [o.s.c.k.d.KubernetesCatalogWatch       ] - Error watching Kubernetes Services

io.fabric8.kubernetes.client.KubernetesClientException: Operation: [list]  for kind: [Endpoints]  with name: [null]  in namespace: [null]  failed.
	at io.fabric8.kubernetes.client.KubernetesClientException.launderThrowable(KubernetesClientException.java:64)
	at io.fabric8.kubernetes.client.KubernetesClientException.launderThrowable(KubernetesClientException.java:72)
	at io.fabric8.kubernetes.client.dsl.base.BaseOperation.listRequestHelper(BaseOperation.java:170)
	at io.fabric8.kubernetes.client.dsl.base.BaseOperation.list(BaseOperation.java:640)
	at io.fabric8.kubernetes.client.dsl.base.BaseOperation.list(BaseOperation.java:79)
	at org.springframework.cloud.kubernetes.discovery.KubernetesCatalogWatch.catalogServicesWatch(KubernetesCatalogWatch.java:75)
	at sun.reflect.NativeMethodAccessorImpl.invoke0(Native Method)
	at sun.reflect.NativeMethodAccessorImpl.invoke(NativeMethodAccessorImpl.java:62)
	at sun.reflect.DelegatingMethodAccessorImpl.invoke(DelegatingMethodAccessorImpl.java:43)
	at java.lang.reflect.Method.invoke(Method.java:498)
	at org.springframework.scheduling.support.ScheduledMethodRunnable.run(ScheduledMethodRunnable.java:84)
	at org.springframework.scheduling.support.DelegatingErrorHandlingRunnable.run(DelegatingErrorHandlingRunnable.java:54)
	at java.util.concurrent.Executors$RunnableAdapter.call(Executors.java:511)
	at java.util.concurrent.FutureTask.runAndReset$$$capture(FutureTask.java:308)
	at java.util.concurrent.FutureTask.runAndReset(FutureTask.java)
	at java.util.concurrent.ScheduledThreadPoolExecutor$ScheduledFutureTask.access$301(ScheduledThreadPoolExecutor.java:180)
	at java.util.concurrent.ScheduledThreadPoolExecutor$ScheduledFutureTask.run(ScheduledThreadPoolExecutor.java:294)
	at java.util.concurrent.ThreadPoolExecutor.runWorker(ThreadPoolExecutor.java:1149)
	at java.util.concurrent.ThreadPoolExecutor$Worker.run(ThreadPoolExecutor.java:624)
	at java.lang.Thread.run(Thread.java:748)

[root@k8s001 ~]# kubectl get svc -o wide
NAME         TYPE        CLUSTER-IP   EXTERNAL-IP   PORT(S)   AGE   SELECTOR
kubernetes   ClusterIP   10.96.0.1    <none>        443/TCP   22h   <none>

Caused by: java.net.UnknownHostException: kubernetes.default.svc
	at java.net.Inet6AddressImpl.lookupAllHostAddr(Native Method)
	at java.net.InetAddress$2.lookupAllHostAddr(InetAddress.java:929)
	at java.net.InetAddress.getAddressesFromNameService(InetAddress.java:1324)
	at java.net.InetAddress.getAllByName0(InetAddress.java:1277)
	at java.net.InetAddress.getAllByName(InetAddress.java:1193)
	at java.net.InetAddress.getAllByName(InetAddress.java:1127)
	at okhttp3.Dns.lambda$static$0(Dns.java:39)
	at okhttp3.internal.connection.RouteSelector.resetNextInetSocketAddress(RouteSelector.java:171)
	at okhttp3.internal.connection.RouteSelector.nextProxy(RouteSelector.java:135)
	at okhttp3.internal.connection.RouteSelector.next(RouteSelector.java:84)
	at okhttp3.internal.connection.ExchangeFinder.findConnection(ExchangeFinder.java:187)
	at okhttp3.internal.connection.ExchangeFinder.findHealthyConnection(ExchangeFinder.java:108)
	at okhttp3.internal.connection.ExchangeFinder.find(ExchangeFinder.java:88)
	at okhttp3.internal.connection.Transmitter.newExchange(Transmitter.java:169)
	at okhttp3.internal.connection.ConnectInterceptor.intercept(ConnectInterceptor.java:41)
	at okhttp3.internal.http.RealInterceptorChain.proceed(RealInterceptorChain.java:142)
	at okhttp3.internal.http.RealInterceptorChain.proceed(RealInterceptorChain.java:117)
	at okhttp3.internal.cache.CacheInterceptor.intercept(CacheInterceptor.java:94)
	at okhttp3.internal.http.RealInterceptorChain.proceed(RealInterceptorChain.java:142)
	at okhttp3.internal.http.RealInterceptorChain.proceed(RealInterceptorChain.java:117)
	at okhttp3.internal.http.BridgeInterceptor.intercept(BridgeInterceptor.java:93)
	at okhttp3.internal.http.RealInterceptorChain.proceed(RealInterceptorChain.java:142)
	at okhttp3.internal.http.RetryAndFollowUpInterceptor.intercept(RetryAndFollowUpInterceptor.java:88)
	at okhttp3.internal.http.RealInterceptorChain.proceed(RealInterceptorChain.java:142)
	at okhttp3.internal.http.RealInterceptorChain.proceed(RealInterceptorChain.java:117)
	at io.fabric8.kubernetes.client.utils.BackwardsCompatibilityInterceptor.intercept(BackwardsCompatibilityInterceptor.java:134)
	at okhttp3.internal.http.RealInterceptorChain.proceed(RealInterceptorChain.java:142)
	at okhttp3.internal.http.RealInterceptorChain.proceed(RealInterceptorChain.java:117)
	at io.fabric8.kubernetes.client.utils.ImpersonatorInterceptor.intercept(ImpersonatorInterceptor.java:68)
	at okhttp3.internal.http.RealInterceptorChain.proceed(RealInterceptorChain.java:142)
	at okhttp3.internal.http.RealInterceptorChain.proceed(RealInterceptorChain.java:117)
	at io.fabric8.kubernetes.client.utils.HttpClientUtils.lambda$createHttpClient$3(HttpClientUtils.java:149)
	at okhttp3.internal.http.RealInterceptorChain.proceed(RealInterceptorChain.java:142)
	at okhttp3.internal.http.RealInterceptorChain.proceed(RealInterceptorChain.java:117)
	at okhttp3.RealCall.getResponseWithInterceptorChain(RealCall.java:229)
	at okhttp3.RealCall.execute(RealCall.java:81)
	at io.fabric8.kubernetes.client.dsl.base.OperationSupport.handleResponse(OperationSupport.java:490)
	at io.fabric8.kubernetes.client.dsl.base.OperationSupport.handleResponse(OperationSupport.java:451)
	at io.fabric8.kubernetes.client.dsl.base.OperationSupport.handleResponse(OperationSupport.java:433)
	at io.fabric8.kubernetes.client.dsl.base.BaseOperation.listRequestHelper(BaseOperation.java:166)
	... 17 common frames omitted